#
# There is insufficient memory for the Java Runtime Environment to continue.
# Native memory allocation (mmap) failed to map 65536 bytes for Failed to commit metaspace.
# Possible reasons:
#   The system is out of physical RAM or swap space
#   The process is running with CompressedOops enabled, and the Java Heap may be blocking the growth of the native heap
# Possible solutions:
#   Reduce memory load on the system
#   Increase physical memory or swap space
#   Check if swap backing store is full
#   Decrease Java heap size (-Xmx/-Xms)
#   Decrease number of Java threads
#   Decrease Java thread stack sizes (-Xss)
#   Set larger code cache with -XX:ReservedCodeCacheSize=
#   JVM is running with Unscaled Compressed Oops mode in which the Java heap is
#     placed in the first 4GB address space. The Java Heap base address is the
#     maximum limit for the native heap growth. Please use -XX:HeapBaseMinAddress
#     to set the Java Heap base and to place the Java Heap above 4GB virtual address.
# This output file may be truncated or incomplete.
#
#  Out of Memory Error (virtualSpaceNode.cpp:110), pid=28892, tid=15064
#
# JRE version: OpenJDK Runtime Environment Temurin-17.0.10+7 (17.0.10+7) (build 17.0.10+7)
# Java VM: OpenJDK 64-Bit Server VM Temurin-17.0.10+7 (17.0.10+7, mixed mode, tiered, compressed oops, compressed class ptrs, parallel gc, windows-amd64)
# No core dump will be written. Minidumps are not enabled by default on client versions of Windows
#

---------------  S U M M A R Y ------------

Command Line: --add-modules=ALL-SYSTEM --add-opens=java.base/java.util=ALL-UNNAMED --add-opens=java.base/java.lang=ALL-UNNAMED --add-opens=java.base/sun.nio.fs=ALL-UNNAMED -Declipse.application=org.eclipse.jdt.ls.core.id1 -Dosgi.bundles.defaultStartLevel=4 -Declipse.product=org.eclipse.jdt.ls.core.product -Djava.import.generatesMetadataFilesAtProjectRoot=false -DDetectVMInstallationsJob.disabled=true -Dfile.encoding=utf8 -XX:+UseParallelGC -XX:GCTimeRatio=4 -XX:AdaptiveSizePolicyWeight=90 -Dsun.zip.disableMemoryMapping=true -Xmx1G -Xms100m -Xlog:disable -javaagent:c:\Users\rmmch\.vscode\extensions\redhat.java-1.29.0-win32-x64\lombok\lombok-1.18.32.jar -XX:+HeapDumpOnOutOfMemoryError -XX:HeapDumpPath=c:\Users\rmmch\AppData\Roaming\Code\User\workspaceStorage\5e4da9800b0ea79160f1932e22c6023f\redhat.java -Daether.dependencyCollector.impl=bf c:\Users\rmmch\.vscode\extensions\redhat.java-1.29.0-win32-x64\server\plugins\org.eclipse.equinox.launcher_1.6.800.v20240304-1850.jar -configuration c:\Users\rmmch\AppData\Roaming\Code\User\globalStorage\redhat.java\1.29.0\config_win -data c:\Users\rmmch\AppData\Roaming\Code\User\workspaceStorage\5e4da9800b0ea79160f1932e22c6023f\redhat.java\jdt_ws --stdio

Host: AMD Ryzen 3 7320U with Radeon Graphics         , 8 cores, 5G,  Windows 11 , 64 bit Build 22621 (10.0.22621.3235)
Time: Thu Apr 18 03:47:05 2024 Hora estándar central (México) elapsed time: 0.133672 seconds (0d 0h 0m 0s)

---------------  T H R E A D  ---------------

Current thread (0x00000258961d2850):  JavaThread "main" [_thread_in_vm, id=15064, stack(0x000000a992c00000,0x000000a992d00000)]

Stack: [0x000000a992c00000,0x000000a992d00000]
Native frames: (J=compiled Java code, j=interpreted, Vv=VM code, C=native code)
V  [jvm.dll+0x67d2c9]
V  [jvm.dll+0x834afa]
V  [jvm.dll+0x8365be]
V  [jvm.dll+0x836c23]
V  [jvm.dll+0x2477ff]
V  [jvm.dll+0x8307bb]
V  [jvm.dll+0x621d16]
V  [jvm.dll+0x621d7a]
V  [jvm.dll+0x6245aa]
V  [jvm.dll+0x6226b6]
V  [jvm.dll+0x6339ea]
V  [jvm.dll+0x62c7ca]
V  [jvm.dll+0x215fd1]
V  [jvm.dll+0x216109]
V  [jvm.dll+0x383b59]
V  [jvm.dll+0x38395d]
C  0x00000258a038c866

The last pc belongs to method entry point (kind = zerolocals) (printed below).
Java frames: (J=compiled Java code, j=interpreted, Vv=VM code)
j  java.util.concurrent.ConcurrentHashMap.putIfAbsent(Ljava/lang/Object;Ljava/lang/Object;)Ljava/lang/Object;+0 java.base@17.0.10
j  jdk.internal.loader.BuiltinClassLoader.loadModule(Ljava/lang/module/ModuleReference;)V+102 java.base@17.0.10
j  jdk.internal.loader.BootLoader.loadModule(Ljava/lang/module/ModuleReference;)V+4 java.base@17.0.10
j  jdk.internal.module.ModuleBootstrap.loadModules(Ljava/lang/module/Configuration;Ljava/util/function/Function;)V+71 java.base@17.0.10
j  jdk.internal.module.ModuleBootstrap.boot2()Ljava/lang/ModuleLayer;+1191 java.base@17.0.10
j  jdk.internal.module.ModuleBootstrap.boot()Ljava/lang/ModuleLayer;+64 java.base@17.0.10
j  java.lang.System.initPhase2(ZZ)I+0 java.base@17.0.10
v  ~StubRoutines::call_stub
method entry point (kind = zerolocals)  [0x00000258a038c520, 0x00000258a038c8c0]  928 bytes
[MachCode]
  0x00000258a038c520: 488b 5308 | 0fb7 4a2c | 0fb7 522a | 2bd1 81fa | f501 0000 | 0f86 2500 | 0000 488b | c248 c1e0 
  0x00000258a038c540: 0348 83c0 | 5849 0387 | c003 0000 | 483b e00f | 870a 0000 | 0058 498b | e550 e921 | c3ff ff58 
  0x00000258a038c560: 4c8d 74cc | f885 d20f | 8e09 0000 | 0068 0000 | 0000 ffca | 7ff7 5055 | 488b ec41 | 5568 0000 
  0x00000258a038c580: 0000 4c8b | 6b08 4d8d | 6d30 5348 | 8b53 0848 | 8b52 0848 | 8b52 1848 | 8b52 7048 | 8b12 5248 
  0x00000258a038c5a0: 8b53 1048 | 85d2 0f84 | 0700 0000 | 4881 c208 | 0100 0052 | 488b 5308 | 488b 5208 | 488b 5210 
  0x00000258a038c5c0: 5241 5641 | 5568 0000 | 0000 4889 | 2424 41c6 | 8779 0300 | 0001 488b | 45d8 4885 | c00f 8484 
  0x00000258a038c5e0: 0000 008b | 48fc 85c9 | 0f88 7900 | 0000 4803 | c148 8b48 | 0848 83e9 | 0248 8b54 | c810 48f7 
  0x00000258a038c600: da49 8b14 | d648 85d2 | 7508 4883 | 4cc8 1801 | eb4f 8b52 | 0848 c1e2 | 0348 3354 | c818 48f7 
  0x00000258a038c620: c2fc ffff | ff74 3a48 | f7c2 0200 | 0000 7531 | 4881 7cc8 | 1800 0000 | 0074 2148 | 817c c818 
  0x00000258a038c640: 0100 0000 | 7416 4833 | 54c8 1848 | f7c2 fcff | ffff 740d | 4883 4cc8 | 1802 eb05 | 4889 54c8 
  0x00000258a038c660: 1848 83e9 | 0279 9248 | 8b43 1048 | 85c0 7420 | 8b88 cc00 | 0000 83c1 | 0289 88cc | 0000 0023 
  0x00000258a038c680: 88e0 0000 | 000f 8478 | 0100 00e9 | d100 0000 | 488b 4318 | 4885 c00f | 85b2 0000 | 00e8 0500 
  0x00000258a038c6a0: 0000 e99b | 0000 0048 | 8bd3 488d | 4424 084c | 896d c049 | 8bcf c5f8 | 7749 89af | a802 0000 
  0x00000258a038c6c0: 4989 8798 | 0200 0048 | 83ec 20f7 | c40f 0000 | 000f 841a | 0000 0048 | 83ec 0849 | ba50 2e91 
  0x00000258a038c6e0: 35fd 7f00 | 0041 ffd2 | 4883 c408 | e90d 0000 | 0049 ba50 | 2e91 35fd | 7f00 0041 | ffd2 4883 
  0x00000258a038c700: c420 49c7 | 8798 0200 | 0000 0000 | 0049 c787 | a802 0000 | 0000 0000 | 49c7 87a0 | 0200 0000 
  0x00000258a038c720: 0000 00c5 | f877 4981 | 7f08 0000 | 0000 0f84 | 0500 0000 | e9c7 47ff | ff4c 8b6d | c04c 8b75 
  0x00000258a038c740: c8c3 488b | 4318 4885 | c00f 8412 | 0000 008b | 4808 83c1 | 0289 4808 | 2348 200f | 84a2 0000 
  0x00000258a038c760: 0089 8424 | 00f0 ffff | 8984 2400 | e0ff ff89 | 8424 00d0 | ffff 8984 | 2400 c0ff | ff89 8424 
  0x00000258a038c780: 00b0 ffff | 8984 2400 | a0ff ff89 | 8424 0090 | ffff 41c6 | 8779 0300 | 0000 49ba | 7935 1136 
  0x00000258a038c7a0: fd7f 0000 | 4180 3a00 | 0f84 4200 | 0000 488b | 55e8 498b | cf48 83ec | 20f7 c40f | 0000 000f 
  0x00000258a038c7c0: 841a 0000 | 0048 83ec | 0849 ba00 | 30c7 35fd | 7f00 0041 | ffd2 4883 | c408 e90d | 0000 0049 
  0x00000258a038c7e0: ba00 30c7 | 35fd 7f00 | 0041 ffd2 | 4883 c420 | 410f b65d | 0049 ba90 | a913 36fd | 7f00 0041 
  0x00000258a038c800: ff24 daba | 0000 0000 | e805 0000 | 00e9 9800 | 0000 488d | 4424 084c | 896d c049 | 8bcf c5f8 
  0x00000258a038c820: 7749 89af | a802 0000 | 4989 8798 | 0200 0048 | 83ec 20f7 | c40f 0000 | 000f 841a | 0000 0048 
  0x00000258a038c840: 83ec 0849 | ba40 3991 | 35fd 7f00 | 0041 ffd2 | 4883 c408 | e90d 0000 | 0049 ba40 | 3991 35fd 
  0x00000258a038c860: 7f00 0041 | ffd2 4883 | c420 49c7 | 8798 0200 | 0000 0000 | 0049 c787 | a802 0000 | 0000 0000 
  0x00000258a038c880: 49c7 87a0 | 0200 0000 | 0000 00c5 | f877 4981 | 7f08 0000 | 0000 0f84 | 0500 0000 | e95f 46ff 
  0x00000258a038c8a0: ff4c 8b6d | c04c 8b75 | c8c3 488b | 5de8 e9ae | feff ff0f | 1f44 0000 | 0000 0000 | 0000 0000 
[/MachCode]

---------------  P R O C E S S  ---------------

Threads class SMR info:
_java_thread_list=0x00000258aa03bf30, length=12, elements={
0x00000258961d2850, 0x00000258af165020, 0x00000258af166350, 0x00000258aa049d30,
0x00000258aa04aac0, 0x00000258aa04e000, 0x00000258aa04e9d0, 0x00000258af18e680,
0x00000258af192540, 0x00000258af1b6800, 0x00000258af221370, 0x00000258af3104a0
}

Java Threads: ( => current thread )
=>0x00000258961d2850 JavaThread "main" [_thread_in_vm, id=15064, stack(0x000000a992c00000,0x000000a992d00000)]
  0x00000258af165020 JavaThread "Reference Handler" daemon [_thread_blocked, id=32284, stack(0x000000a992f00000,0x000000a993000000)]
  0x00000258af166350 JavaThread "Finalizer" daemon [_thread_blocked, id=30936, stack(0x000000a993000000,0x000000a993100000)]
  0x00000258aa049d30 JavaThread "Signal Dispatcher" daemon [_thread_blocked, id=25928, stack(0x000000a993100000,0x000000a993200000)]
  0x00000258aa04aac0 JavaThread "Attach Listener" daemon [_thread_blocked, id=28192, stack(0x000000a993200000,0x000000a993300000)]
  0x00000258aa04e000 JavaThread "Service Thread" daemon [_thread_blocked, id=12856, stack(0x000000a993300000,0x000000a993400000)]
  0x00000258aa04e9d0 JavaThread "Monitor Deflation Thread" daemon [_thread_blocked, id=32360, stack(0x000000a993400000,0x000000a993500000)]
  0x00000258af18e680 JavaThread "C2 CompilerThread0" daemon [_thread_blocked, id=31864, stack(0x000000a993500000,0x000000a993600000)]
  0x00000258af192540 JavaThread "C1 CompilerThread0" daemon [_thread_blocked, id=9680, stack(0x000000a993600000,0x000000a993700000)]
  0x00000258af1b6800 JavaThread "Sweeper thread" daemon [_thread_blocked, id=14284, stack(0x000000a993700000,0x000000a993800000)]
  0x00000258af221370 JavaThread "Common-Cleaner" daemon [_thread_blocked, id=14752, stack(0x000000a993800000,0x000000a993900000)]
  0x00000258af3104a0 JavaThread "C2 CompilerThread1" daemon [_thread_blocked, id=28492, stack(0x000000a993900000,0x000000a993a00000)]

Other Threads:
  0x000002589626e8c0 VMThread "VM Thread" [stack: 0x000000a992e00000,0x000000a992f00000] [id=30264]
  0x00000258961e88c0 GCTaskThread "GC Thread#0" [stack: 0x000000a992d00000,0x000000a992e00000] [id=29160]

Threads with active compile tasks:
C1 CompilerThread0      149  160       3       java.util.concurrent.ConcurrentHashMap::putIfAbsent (8 bytes)

VM state: not at safepoint (normal execution)

VM Mutex/Monitor currently owned by a thread:  ([mutex/lock_event])
[0x0000025894047a40] Metaspace_lock - owner thread: 0x00000258961d2850
[0x00000258961cea70] MethodData_lock - owner thread: 0x00000258961d2850

Heap address: 0x00000000c0000000, size: 1024 MB, Compressed Oops mode: 32-bit

CDS archive(s) not mapped
Compressed class space mapped at: 0x0000000100000000-0x0000000140000000, reserved size: 1073741824
Narrow klass base: 0x0000000000000000, Narrow klass shift: 3, Narrow klass range: 0x140000000

GC Precious Log:
 CPUs: 8 total, 8 available
 Memory: 5877M
 Large Page Support: Disabled
 NUMA Support: Disabled
 Compressed Oops: Enabled (32-bit)
 Alignments: Space 512K, Generation 512K, Heap 2M
 Heap Min Capacity: 100M
 Heap Initial Capacity: 100M
 Heap Max Capacity: 1G
 Pre-touch: Disabled
 Parallel Workers: 8

Heap:
 PSYoungGen      total 29696K, used 2560K [0x00000000eab00000, 0x00000000ecc00000, 0x0000000100000000)
  eden space 25600K, 10% used [0x00000000eab00000,0x00000000ead802d0,0x00000000ec400000)
  from space 4096K, 0% used [0x00000000ec800000,0x00000000ec800000,0x00000000ecc00000)
  to   space 4096K, 0% used [0x00000000ec400000,0x00000000ec400000,0x00000000ec800000)
 ParOldGen       total 68608K, used 0K [0x00000000c0000000, 0x00000000c4300000, 0x00000000eab00000)
  object space 68608K, 0% used [0x00000000c0000000,0x00000000c0000000,0x00000000c4300000)
 Metaspace       used 4371K, committed 4544K, reserved 1114112K
  class space    used 401K, committed 512K, reserved 1048576K

Card table byte_map: [0x0000025895b80000,0x0000025895d90000] _byte_map_base: 0x0000025895580000

Marking Bits: (ParMarkBitMap*) 0x00007ffd3612d7d0
 Begin Bits: [0x00000258a7e50000, 0x00000258a8e50000)
 End Bits:   [0x00000258a8e50000, 0x00000258a9e50000)

Polling page: 0x0000025895970000

Metaspace:

Usage:
  Non-class:      3.88 MB used.
      Class:    401.77 KB used.
       Both:      4.27 MB used.

Virtual space:
  Non-class space:       64.00 MB reserved,       3.94 MB (  6%) committed,  1 nodes.
      Class space:        1.00 GB reserved,     512.00 KB ( <1%) committed,  1 nodes.
             Both:        1.06 GB reserved,       4.44 MB ( <1%) committed. 

Chunk freelists:
   Non-Class:  12.00 MB
       Class:  15.56 MB
        Both:  27.56 MB

MaxMetaspaceSize: unlimited
CompressedClassSpaceSize: 1.00 GB
Initial GC threshold: 21.00 MB
Current GC threshold: 21.00 MB
CDS: off
MetaspaceReclaimPolicy: balanced
 - commit_granule_bytes: 65536.
 - commit_granule_words: 8192.
 - virtual_space_node_default_size: 8388608.
 - enlarge_chunks_in_place: 1.
 - new_chunks_are_fully_committed: 0.
 - uncommit_free_chunks: 1.
 - use_allocation_guard: 0.
 - handle_deallocations: 1.


Internal statistics:

num_allocs_failed_limit: 0.
num_arena_births: 6.
num_arena_deaths: 0.
num_vsnodes_births: 2.
num_vsnodes_deaths: 0.
num_space_committed: 71.
num_space_uncommitted: 0.
num_chunks_returned_to_freelist: 0.
num_chunks_taken_from_freelist: 9.
num_chunk_merges: 0.
num_chunk_splits: 5.
num_chunks_enlarged: 2.
num_inconsistent_stats: 0.

CodeHeap 'non-profiled nmethods': size=120000Kb used=51Kb max_used=51Kb free=119949Kb
 bounds [0x00000258a0920000, 0x00000258a0b90000, 0x00000258a7e50000]
CodeHeap 'profiled nmethods': size=120000Kb used=176Kb max_used=176Kb free=119823Kb
 bounds [0x0000025898e50000, 0x00000258990c0000, 0x00000258a0380000]
CodeHeap 'non-nmethods': size=5760Kb used=1066Kb max_used=1081Kb free=4693Kb
 bounds [0x00000258a0380000, 0x00000258a05f0000, 0x00000258a0920000]
 total_blobs=494 nmethods=158 adapters=251
 compilation: enabled
              stopped_count=0, restarted_count=0
 full_count=0

Compilation events (20 events):
Event: 0.129 Thread 0x00000258af192540  148       3       java.util.HashMap::containsKey (14 bytes)
Event: 0.130 Thread 0x00000258af192540 nmethod 148 0x0000025898e7ac90 code [0x0000025898e7ae40, 0x0000025898e7afe8]
Event: 0.130 Thread 0x00000258af192540  146       1       java.util.HashMap$Node::getKey (5 bytes)
Event: 0.130 Thread 0x00000258af18e680 nmethod 140 0x00000258a0929e10 code [0x00000258a0929f80, 0x00000258a092a018]
Event: 0.130 Thread 0x00000258af18e680  149       4       java.util.HashMap::putVal (300 bytes)
Event: 0.130 Thread 0x00000258af192540 nmethod 146 0x00000258a092a110 code [0x00000258a092a2a0, 0x00000258a092a378]
Event: 0.130 Thread 0x00000258af192540  147       1       java.util.HashMap$Node::getValue (5 bytes)
Event: 0.130 Thread 0x00000258af192540 nmethod 147 0x00000258a092a410 code [0x00000258a092a5a0, 0x00000258a092a678]
Event: 0.130 Thread 0x00000258af192540  152       3       java.util.AbstractMap::<init> (5 bytes)
Event: 0.130 Thread 0x00000258af192540 nmethod 152 0x0000025898e7b090 code [0x0000025898e7b220, 0x0000025898e7b378]
Event: 0.130 Thread 0x00000258af192540  151       3       java.util.HashSet::<init> (16 bytes)
Event: 0.130 Thread 0x00000258af192540 nmethod 151 0x0000025898e7b410 code [0x0000025898e7b5e0, 0x0000025898e7b998]
Event: 0.130 Thread 0x00000258af192540  154       1       java.util.KeyValueHolder::getKey (5 bytes)
Event: 0.130 Thread 0x00000258af192540 nmethod 154 0x00000258a092a710 code [0x00000258a092a8a0, 0x00000258a092a978]
Event: 0.131 Thread 0x00000258af192540  155       1       java.util.KeyValueHolder::getValue (5 bytes)
Event: 0.131 Thread 0x00000258af192540 nmethod 155 0x00000258a092aa10 code [0x00000258a092aba0, 0x00000258a092ac78]
Event: 0.131 Thread 0x00000258af3104a0  145       4       java.lang.module.ModuleDescriptor$Exports::isQualified (18 bytes)
Event: 0.131 Thread 0x00000258af192540  156       3       java.util.Optional::ofNullable (19 bytes)
Event: 0.131 Thread 0x00000258af3104a0 nmethod 145 0x00000258a092b190 code [0x00000258a092b320, 0x00000258a092b3f8]
Event: 0.131 Thread 0x00000258af192540 nmethod 156 0x0000025898e7bb10 code [0x0000025898e7bcc0, 0x0000025898e7bf38]

GC Heap History (0 events):
No events

Dll operation events (1 events):
Event: 0.012 Loaded shared library c:\Users\rmmch\.vscode\extensions\redhat.java-1.29.0-win32-x64\jre\17.0.10-win32-x86_64\bin\java.dll

Deoptimization events (0 events):
No events

Classes unloaded (0 events):
No events

Classes redefined (0 events):
No events

Internal exceptions (1 events):
Event: 0.116 Thread 0x00000258961d2850 Exception <a 'java/lang/NoSuchMethodError'{0x00000000eacb4f30}: 'void java.lang.invoke.DirectMethodHandle$Holder.invokeStatic(java.lang.Object, java.lang.Object, java.lang.Object)'> (0x00000000eacb4f30) 
thrown [s\src\hotspot\share\interpreter\linkResolver.cpp, line 759]

VM Operations (2 events):
Event: 0.121 Executing VM operation: HandshakeAllThreads
Event: 0.121 Executing VM operation: HandshakeAllThreads done

Events (20 events):
Event: 0.120 loading class java/lang/ModuleLayer done
Event: 0.120 loading class java/util/HashMap$Values
Event: 0.121 loading class java/util/HashMap$Values done
Event: 0.121 loading class java/util/HashMap$ValueIterator
Event: 0.121 loading class java/util/HashMap$ValueIterator done
Event: 0.121 loading class java/util/LinkedHashSet
Event: 0.121 loading class java/util/LinkedHashSet done
Event: 0.121 loading class java/util/LinkedHashMap
Event: 0.121 loading class java/util/LinkedHashMap done
Event: 0.122 loading class java/util/Collections$UnmodifiableCollection$1
Event: 0.122 loading class java/util/Collections$UnmodifiableCollection$1 done
Event: 0.122 loading class java/lang/module/ResolvedModule
Event: 0.122 loading class java/lang/module/ResolvedModule done
Event: 0.130 Thread 0x00000258af3104a0 Thread added: 0x00000258af3104a0
Event: 0.130 loading class jdk/internal/module/ModuleLoaderMap
Event: 0.130 loading class jdk/internal/module/ModuleLoaderMap done
Event: 0.130 loading class jdk/internal/module/ModuleLoaderMap$Mapper
Event: 0.131 loading class jdk/internal/module/ModuleLoaderMap$Mapper done
Event: 0.131 loading class jdk/internal/module/ModuleLoaderMap$Modules
Event: 0.131 loading class jdk/internal/module/ModuleLoaderMap$Modules done


Dynamic libraries:
0x00007ff6b5a70000 - 0x00007ff6b5a7e000 	c:\Users\rmmch\.vscode\extensions\redhat.java-1.29.0-win32-x64\jre\17.0.10-win32-x86_64\bin\java.exe
0x00007ffdd6af0000 - 0x00007ffdd6d06000 	C:\WINDOWS\SYSTEM32\ntdll.dll
0x00007ffdd6010000 - 0x00007ffdd60d4000 	C:\WINDOWS\System32\KERNEL32.DLL
0x00007ffdd4460000 - 0x00007ffdd4806000 	C:\WINDOWS\System32\KERNELBASE.dll
0x00007ffdd0c20000 - 0x00007ffdd0cb7000 	C:\WINDOWS\SYSTEM32\apphelp.dll
0x00007ffdd4040000 - 0x00007ffdd4151000 	C:\WINDOWS\System32\ucrtbase.dll
0x00007ffdc06d0000 - 0x00007ffdc06e7000 	c:\Users\rmmch\.vscode\extensions\redhat.java-1.29.0-win32-x64\jre\17.0.10-win32-x86_64\bin\jli.dll
0x00007ffdc06f0000 - 0x00007ffdc070b000 	c:\Users\rmmch\.vscode\extensions\redhat.java-1.29.0-win32-x64\jre\17.0.10-win32-x86_64\bin\VCRUNTIME140.dll
0x00007ffdd60f0000 - 0x00007ffdd629d000 	C:\WINDOWS\System32\USER32.dll
0x00007ffdd4810000 - 0x00007ffdd4836000 	C:\WINDOWS\System32\win32u.dll
0x00007ffdd62a0000 - 0x00007ffdd62c9000 	C:\WINDOWS\System32\GDI32.dll
0x00007ffdc0010000 - 0x00007ffdc02a3000 	C:\WINDOWS\WinSxS\amd64_microsoft.windows.common-controls_6595b64144ccf1df_6.0.22621.3235_none_270f74e173860f98\COMCTL32.dll
0x00007ffdd3f20000 - 0x00007ffdd4038000 	C:\WINDOWS\System32\gdi32full.dll
0x00007ffdd5e50000 - 0x00007ffdd5ef7000 	C:\WINDOWS\System32\msvcrt.dll
0x00007ffdd4160000 - 0x00007ffdd41fa000 	C:\WINDOWS\System32\msvcp_win.dll
0x00007ffdd4a00000 - 0x00007ffdd4a31000 	C:\WINDOWS\System32\IMM32.DLL
0x00007ffdc9710000 - 0x00007ffdc971c000 	c:\Users\rmmch\.vscode\extensions\redhat.java-1.29.0-win32-x64\jre\17.0.10-win32-x86_64\bin\vcruntime140_1.dll
0x00007ffd991d0000 - 0x00007ffd9925d000 	c:\Users\rmmch\.vscode\extensions\redhat.java-1.29.0-win32-x64\jre\17.0.10-win32-x86_64\bin\msvcp140.dll
0x00007ffd35590000 - 0x00007ffd361f2000 	c:\Users\rmmch\.vscode\extensions\redhat.java-1.29.0-win32-x64\jre\17.0.10-win32-x86_64\bin\server\jvm.dll
0x00007ffdd6540000 - 0x00007ffdd65f2000 	C:\WINDOWS\System32\ADVAPI32.dll
0x00007ffdd5a40000 - 0x00007ffdd5ae8000 	C:\WINDOWS\System32\sechost.dll
0x00007ffdd4430000 - 0x00007ffdd4458000 	C:\WINDOWS\System32\bcrypt.dll
0x00007ffdd5920000 - 0x00007ffdd5a35000 	C:\WINDOWS\System32\RPCRT4.dll
0x00007ffdca5d0000 - 0x00007ffdca5d9000 	C:\WINDOWS\SYSTEM32\WSOCK32.dll
0x00007ffdca950000 - 0x00007ffdca984000 	C:\WINDOWS\SYSTEM32\WINMM.dll
0x00007ffdd3b50000 - 0x00007ffdd3b9d000 	C:\WINDOWS\SYSTEM32\POWRPROF.dll
0x00007ffdca130000 - 0x00007ffdca13a000 	C:\WINDOWS\SYSTEM32\VERSION.dll
0x00007ffdd64a0000 - 0x00007ffdd6511000 	C:\WINDOWS\System32\WS2_32.dll
0x00007ffdd3b30000 - 0x00007ffdd3b43000 	C:\WINDOWS\SYSTEM32\UMPDC.dll
0x00007ffdd2e70000 - 0x00007ffdd2e88000 	C:\WINDOWS\SYSTEM32\kernel.appcore.dll
0x00007ffdc5970000 - 0x00007ffdc597a000 	c:\Users\rmmch\.vscode\extensions\redhat.java-1.29.0-win32-x64\jre\17.0.10-win32-x86_64\bin\jimage.dll
0x00007ffdd1830000 - 0x00007ffdd1a63000 	C:\WINDOWS\SYSTEM32\DBGHELP.DLL
0x00007ffdd6600000 - 0x00007ffdd6988000 	C:\WINDOWS\System32\combase.dll
0x00007ffdd63c0000 - 0x00007ffdd6497000 	C:\WINDOWS\System32\OLEAUT32.dll
0x00007ffdb63e0000 - 0x00007ffdb6412000 	C:\WINDOWS\SYSTEM32\dbgcore.DLL
0x00007ffdd3e30000 - 0x00007ffdd3eaa000 	C:\WINDOWS\System32\bcryptPrimitives.dll
0x00007ffdc0630000 - 0x00007ffdc063e000 	c:\Users\rmmch\.vscode\extensions\redhat.java-1.29.0-win32-x64\jre\17.0.10-win32-x86_64\bin\instrument.dll
0x00007ffdbf1e0000 - 0x00007ffdbf205000 	c:\Users\rmmch\.vscode\extensions\redhat.java-1.29.0-win32-x64\jre\17.0.10-win32-x86_64\bin\java.dll
0x00007ffdbe210000 - 0x00007ffdbe228000 	c:\Users\rmmch\.vscode\extensions\redhat.java-1.29.0-win32-x64\jre\17.0.10-win32-x86_64\bin\zip.dll
0x00007ffdd4a40000 - 0x00007ffdd529d000 	C:\WINDOWS\System32\SHELL32.dll
0x00007ffdd1d50000 - 0x00007ffdd2648000 	C:\WINDOWS\SYSTEM32\windows.storage.dll
0x00007ffdd1c10000 - 0x00007ffdd1d4e000 	C:\WINDOWS\SYSTEM32\wintypes.dll
0x00007ffdd5f10000 - 0x00007ffdd6003000 	C:\WINDOWS\System32\SHCORE.dll
0x00007ffdd5820000 - 0x00007ffdd587e000 	C:\WINDOWS\System32\shlwapi.dll
0x00007ffdd3d60000 - 0x00007ffdd3d86000 	C:\WINDOWS\SYSTEM32\profapi.dll

dbghelp: loaded successfully - version: 4.0.5 - missing functions: none
symbol engine: initialized successfully - sym options: 0x614 - pdb path: .;c:\Users\rmmch\.vscode\extensions\redhat.java-1.29.0-win32-x64\jre\17.0.10-win32-x86_64\bin;C:\WINDOWS\SYSTEM32;C:\WINDOWS\WinSxS\amd64_microsoft.windows.common-controls_6595b64144ccf1df_6.0.22621.3235_none_270f74e173860f98;c:\Users\rmmch\.vscode\extensions\redhat.java-1.29.0-win32-x64\jre\17.0.10-win32-x86_64\bin\server

VM Arguments:
jvm_args: --add-modules=ALL-SYSTEM --add-opens=java.base/java.util=ALL-UNNAMED --add-opens=java.base/java.lang=ALL-UNNAMED --add-opens=java.base/sun.nio.fs=ALL-UNNAMED -Declipse.application=org.eclipse.jdt.ls.core.id1 -Dosgi.bundles.defaultStartLevel=4 -Declipse.product=org.eclipse.jdt.ls.core.product -Djava.import.generatesMetadataFilesAtProjectRoot=false -DDetectVMInstallationsJob.disabled=true -Dfile.encoding=utf8 -XX:+UseParallelGC -XX:GCTimeRatio=4 -XX:AdaptiveSizePolicyWeight=90 -Dsun.zip.disableMemoryMapping=true -Xmx1G -Xms100m -Xlog:disable -javaagent:c:\Users\rmmch\.vscode\extensions\redhat.java-1.29.0-win32-x64\lombok\lombok-1.18.32.jar -XX:+HeapDumpOnOutOfMemoryError -XX:HeapDumpPath=c:\Users\rmmch\AppData\Roaming\Code\User\workspaceStorage\5e4da9800b0ea79160f1932e22c6023f\redhat.java -Daether.dependencyCollector.impl=bf 
java_command: c:\Users\rmmch\.vscode\extensions\redhat.java-1.29.0-win32-x64\server\plugins\org.eclipse.equinox.launcher_1.6.800.v20240304-1850.jar -configuration c:\Users\rmmch\AppData\Roaming\Code\User\globalStorage\redhat.java\1.29.0\config_win -data c:\Users\rmmch\AppData\Roaming\Code\User\workspaceStorage\5e4da9800b0ea79160f1932e22c6023f\redhat.java\jdt_ws --stdio
java_class_path (initial): c:\Users\rmmch\.vscode\extensions\redhat.java-1.29.0-win32-x64\server\plugins\org.eclipse.equinox.launcher_1.6.800.v20240304-1850.jar
Launcher Type: SUN_STANDARD

[Global flags]
    uintx AdaptiveSizePolicyWeight                 = 90                                        {product} {command line}
     intx CICompilerCount                          = 4                                         {product} {ergonomic}
    uintx GCTimeRatio                              = 4                                         {product} {command line}
     bool HeapDumpOnOutOfMemoryError               = true                                   {manageable} {command line}
    ccstr HeapDumpPath                             = c:\Users\rmmch\AppData\Roaming\Code\User\workspaceStorage\5e4da9800b0ea79160f1932e22c6023f\redhat.java         {manageable} {command line}
   size_t InitialHeapSize                          = 104857600                                 {product} {command line}
   size_t MaxHeapSize                              = 1073741824                                {product} {command line}
   size_t MaxNewSize                               = 357564416                                 {product} {ergonomic}
   size_t MinHeapDeltaBytes                        = 524288                                    {product} {ergonomic}
   size_t MinHeapSize                              = 104857600                                 {product} {command line}
   size_t NewSize                                  = 34603008                                  {product} {ergonomic}
    uintx NonNMethodCodeHeapSize                   = 5839372                                {pd product} {ergonomic}
    uintx NonProfiledCodeHeapSize                  = 122909434                              {pd product} {ergonomic}
   size_t OldSize                                  = 70254592                                  {product} {ergonomic}
    uintx ProfiledCodeHeapSize                     = 122909434                              {pd product} {ergonomic}
    uintx ReservedCodeCacheSize                    = 251658240                              {pd product} {ergonomic}
     bool SegmentedCodeCache                       = true                                      {product} {ergonomic}
   size_t SoftMaxHeapSize                          = 1073741824                             {manageable} {ergonomic}
     bool UseCompressedClassPointers               = true                           {product lp64_product} {ergonomic}
     bool UseCompressedOops                        = true                           {product lp64_product} {ergonomic}
     bool UseLargePagesIndividualAllocation        = false                                  {pd product} {ergonomic}
     bool UseParallelGC                            = true                                      {product} {command line}

Logging:
Log output configuration:
 #0: stdout all=off uptime,level,tags
 #1: stderr all=off uptime,level,tags

Environment Variables:
JAVA_HOME=C:\Program Files\Java\jdk-17\
PATH=C:\Program Files\Microsoft MPI\Bin\;C:\Program Files\Common Files\Oracle\Java\javapath;C:\WINDOWS\system32;C:\WINDOWS;C:\WINDOWS\System32\Wbem;C:\WINDOWS\System32\WindowsPowerShell\v1.0\;C:\WINDOWS\System32\OpenSSH\;C:\Program Files\Java\jdk1.8.0_202\bin;C:\Gradle\gradle-8.5\bin;C:\Program Files (x86)\Microsoft SQL Server\160\Tools\Binn\;C:\Program Files\Microsoft SQL Server\160\Tools\Binn\;C:\Program Files\Microsoft SQL Server\Client SDK\ODBC\170\Tools\Binn\;C:\Program Files\Microsoft SQL Server\160\DTS\Binn\;C:\Program Files (x86)\Microsoft SQL Server\160\DTS\Binn\;C:\Program Files\Azure Data Studio\bin;C:\Program Files\Java\jdk-17\bin;C:\Users\rmmch\AppData\Local\Microsoft\WindowsApps;;C:\Users\rmmch\AppData\Local\Programs\Microsoft VS Code\bin;C:\Program Files\Azure Data Studio\bin
USERNAME=rmmch
OS=Windows_NT
PROCESSOR_IDENTIFIER=AMD64 Family 23 Model 160 Stepping 0, AuthenticAMD
TMP=C:\Users\rmmch\AppData\Local\Temp
TEMP=C:\Users\rmmch\AppData\Local\Temp



Periodic native trim disabled


---------------  S Y S T E M  ---------------

OS:
 Windows 11 , 64 bit Build 22621 (10.0.22621.3235)
OS uptime: 14 days 3:49 hours
Hyper-V role detected

CPU: total 8 (initial active 8) (8 cores per cpu, 2 threads per core) family 23 model 160 stepping 0 microcode 0x0, cx8, cmov, fxsr, ht, mmx, 3dnowpref, sse, sse2, sse3, ssse3, sse4a, sse4.1, sse4.2, popcnt, lzcnt, tsc, tscinvbit, avx, avx2, aes, clmul, bmi1, bmi2, adx, sha, fma, vzeroupper, clflush, clflushopt, hv
Processor Information for all 8 processors :
  Max Mhz: 2401, Current Mhz: 2401, Mhz Limit: 2401

Memory: 4k page, system-wide physical 5877M (464M free)
TotalPageFile size 24309M (AvailPageFile size 3M)
current process WorkingSet (physical memory assigned to process): 31M, peak: 31M
current process commit charge ("private bytes"): 183M, peak: 183M

vm_info: OpenJDK 64-Bit Server VM (17.0.10+7) for windows-amd64 JRE (17.0.10+7), built on Jan 16 2024 23:25:11 by "admin" with MS VC++ 16.10 / 16.11 (VS2019)

END.
